<?xml version="1.0" encoding="UTF-8"?>
<!-- Generated by org.testng.reporters.JUnitReportReporter -->
<testsuite skipped="0" hostname="DESKTOP-LT0H2AE" name="com.tests.BrowserPopUps" tests="1" failures="0" timestamp="17 Feb 2018 17:34:38 GMT" time="6.306" errors="1">
  <testcase name="acceptBrowserPopUp" time="6.306" classname="com.tests.BrowserPopUps">
    <error type="org.openqa.selenium.WebDriverException" message="unknown error: Element &lt;button id=&quot;j_idt116:j_idt117&quot; name=&quot;j_idt116:j_idt117&quot; class=&quot;ui-button ui-widget ui-state-default ui-corner-all ui-button-text-only&quot; data-pfconfirmcommand=&quot;PrimeFaces.bcn(this,event,[function(event){PrimeFaces.ab({s:&amp;quot;j_idt116:j_idt117&amp;quot;,u:&amp;quot;j_idt116:message&amp;quot;});return false;}]);&quot; onclick=&quot;PrimeFaces.confirm({source:&amp;quot;j_idt116:j_idt117&amp;quot;,header:&amp;quot;Confirmation&amp;quot;,message:&amp;quot;Are you sure?&amp;quot;,icon:&amp;quot;ui-icon-alert&amp;quot;,beforeShow:&amp;quot;&amp;quot;});return false;&quot; type=&quot;submit&quot; role=&quot;button&quot; aria-disabled=&quot;false&quot;&gt;...&lt;/button&gt; is not clickable at point (96, 272). Other element would receive the click: &lt;div id=&quot;j_idt116:j_idt118_modal&quot; class=&quot;ui-widget-overlay ui-dialog-mask&quot; style=&quot;z-index: 1001;&quot;&gt;&lt;/div&gt;
  (Session info: chrome=63.0.3239.132)
  (Driver info: chromedriver=2.33.506120 (e3e53437346286c0bc2d2dc9aa4915ba81d9023f),platform=Windows NT 10.0.16299 x86_64) (WARNING: The server did not provide any stacktrace information)
Command duration or timeout: 0 milliseconds
Build info: version: &#039;3.8.1&#039;, revision: &#039;6e95a6684b&#039;, time: &#039;2017-12-01T19:05:14.666Z&#039;
System info: host: &#039;DESKTOP-LT0H2AE&#039;, ip: &#039;192.168.128.16&#039;, os.name: &#039;Windows 10&#039;, os.arch: &#039;amd64&#039;, os.version: &#039;10.0&#039;, java.version: &#039;1.8.0_161&#039;
Driver info: org.openqa.selenium.chrome.ChromeDriver
Capabilities {acceptSslCerts: true, applicationCacheEnabled: false, browserConnectionEnabled: false, browserName: chrome, chrome: {chromedriverVersion: 2.33.506120 (e3e53437346286..., userDataDir: C:\Users\Halil\AppData\Loca...}, cssSelectorsEnabled: true, databaseEnabled: false, handlesAlerts: true, hasTouchScreen: false, javascriptEnabled: true, locationContextEnabled: true, mobileEmulationEnabled: false, nativeEvents: true, networkConnectionEnabled: false, pageLoadStrategy: normal, platform: XP, platformName: XP, rotatable: false, setWindowRect: true, takesHeapSnapshot: true, takesScreenshot: true, unexpectedAlertBehaviour: , unhandledPromptBehavior: , version: 63.0.3239.132, webStorageEnabled: true}
Session ID: 376f081473a727483fd9bbc6350c0e93">
      <![CDATA[org.openqa.selenium.WebDriverException: unknown error: Element <button id="j_idt116:j_idt117" name="j_idt116:j_idt117" class="ui-button ui-widget ui-state-default ui-corner-all ui-button-text-only" data-pfconfirmcommand="PrimeFaces.bcn(this,event,[function(event){PrimeFaces.ab({s:&quot;j_idt116:j_idt117&quot;,u:&quot;j_idt116:message&quot;});return false;}]);" onclick="PrimeFaces.confirm({source:&quot;j_idt116:j_idt117&quot;,header:&quot;Confirmation&quot;,message:&quot;Are you sure?&quot;,icon:&quot;ui-icon-alert&quot;,beforeShow:&quot;&quot;});return false;" type="submit" role="button" aria-disabled="false">...</button> is not clickable at point (96, 272). Other element would receive the click: <div id="j_idt116:j_idt118_modal" class="ui-widget-overlay ui-dialog-mask" style="z-index: 1001;"></div>  (Session info: chrome=63.0.3239.132)  (Driver info: chromedriver=2.33.506120 (e3e53437346286c0bc2d2dc9aa4915ba81d9023f),platform=Windows NT 10.0.16299 x86_64) (WARNING: The server did not provide any stacktrace information)Command duration or timeout: 0 millisecondsBuild info: version: '3.8.1', revision: '6e95a6684b', time: '2017-12-01T19:05:14.666Z'System info: host: 'DESKTOP-LT0H2AE', ip: '192.168.128.16', os.name: 'Windows 10', os.arch: 'amd64', os.version: '10.0', java.version: '1.8.0_161'Driver info: org.openqa.selenium.chrome.ChromeDriverCapabilities {acceptSslCerts: true, applicationCacheEnabled: false, browserConnectionEnabled: false, browserName: chrome, chrome: {chromedriverVersion: 2.33.506120 (e3e53437346286..., userDataDir: C:\Users\Halil\AppData\Loca...}, cssSelectorsEnabled: true, databaseEnabled: false, handlesAlerts: true, hasTouchScreen: false, javascriptEnabled: true, locationContextEnabled: true, mobileEmulationEnabled: false, nativeEvents: true, networkConnectionEnabled: false, pageLoadStrategy: normal, platform: XP, platformName: XP, rotatable: false, setWindowRect: true, takesHeapSnapshot: true, takesScreenshot: true, unexpectedAlertBehaviour: , unhandledPromptBehavior: , version: 63.0.3239.132, webStorageEnabled: true}Session ID: 376f081473a727483fd9bbc6350c0e93at sun.reflect.NativeConstructorAccessorImpl.newInstance0(Native Method)at sun.reflect.NativeConstructorAccessorImpl.newInstance(Unknown Source)at sun.reflect.DelegatingConstructorAccessorImpl.newInstance(Unknown Source)at java.lang.reflect.Constructor.newInstance(Unknown Source)at org.openqa.selenium.remote.ErrorHandler.createThrowable(ErrorHandler.java:214)at org.openqa.selenium.remote.ErrorHandler.throwIfResponseFailed(ErrorHandler.java:166)at org.openqa.selenium.remote.http.JsonHttpResponseCodec.reconstructValue(JsonHttpResponseCodec.java:40)at org.openqa.selenium.remote.http.AbstractHttpResponseCodec.decode(AbstractHttpResponseCodec.java:80)at org.openqa.selenium.remote.http.AbstractHttpResponseCodec.decode(AbstractHttpResponseCodec.java:44)at org.openqa.selenium.remote.HttpCommandExecutor.execute(HttpCommandExecutor.java:164)at org.openqa.selenium.remote.service.DriverCommandExecutor.execute(DriverCommandExecutor.java:83)at org.openqa.selenium.remote.RemoteWebDriver.execute(RemoteWebDriver.java:601)at org.openqa.selenium.remote.RemoteWebElement.execute(RemoteWebElement.java:279)at org.openqa.selenium.remote.RemoteWebElement.click(RemoteWebElement.java:83)at com.tests.BrowserPopUps.acceptBrowserPopUp(BrowserPopUps.java:34)at sun.reflect.NativeMethodAccessorImpl.invoke0(Native Method)at sun.reflect.NativeMethodAccessorImpl.invoke(Unknown Source)at sun.reflect.DelegatingMethodAccessorImpl.invoke(Unknown Source)at java.lang.reflect.Method.invoke(Unknown Source)at org.testng.internal.MethodInvocationHelper.invokeMethod(MethodInvocationHelper.java:124)at org.testng.internal.Invoker.invokeMethod(Invoker.java:571)at org.testng.internal.Invoker.invokeTestMethod(Invoker.java:707)at org.testng.internal.Invoker.invokeTestMethods(Invoker.java:979)at org.testng.internal.TestMethodWorker.invokeTestMethods(TestMethodWorker.java:125)at org.testng.internal.TestMethodWorker.run(TestMethodWorker.java:109)at org.testng.TestRunner.privateRun(TestRunner.java:648)at org.testng.TestRunner.run(TestRunner.java:505)at org.testng.SuiteRunner.runTest(SuiteRunner.java:455)at org.testng.SuiteRunner.runSequentially(SuiteRunner.java:450)at org.testng.SuiteRunner.privateRun(SuiteRunner.java:415)at org.testng.SuiteRunner.run(SuiteRunner.java:364)at org.testng.SuiteRunnerWorker.runSuite(SuiteRunnerWorker.java:52)at org.testng.SuiteRunnerWorker.run(SuiteRunnerWorker.java:84)at org.testng.TestNG.runSuitesSequentially(TestNG.java:1187)at org.testng.TestNG.runSuitesLocally(TestNG.java:1116)at org.testng.TestNG.runSuites(TestNG.java:1028)at org.testng.TestNG.run(TestNG.java:996)at org.testng.remote.AbstractRemoteTestNG.run(AbstractRemoteTestNG.java:114)at org.testng.remote.RemoteTestNG.initAndRun(RemoteTestNG.java:251)at org.testng.remote.RemoteTestNG.main(RemoteTestNG.java:77)]]>
    </error>
  </testcase> <!-- acceptBrowserPopUp -->
</testsuite> <!-- com.tests.BrowserPopUps -->
